<?xml version="1.0" encoding="UTF-8"?>
<!-- Generated by org.testng.reporters.JUnitXMLReporter -->
<testsuite hostname="D-113065398" ignored="6" name="Opencart" tests="8" failures="2" timestamp="15 Feb 2018 10:32:59 GMT" time="0.637" errors="0">
  <testcase name="@AfterMethod getResult" time="0.0" classname="com.opencart.newopencart.ExtentReportsClass">
    <failure type="java.lang.NullPointerException">
      <![CDATA[java.lang.NullPointerException
	at com.opencart.newopencart.ExtentReportsClass.getResult(ExtentReportsClass.java:58)
... Removed 27 stack frames]]>
    </failure>
  </testcase> <!-- @AfterMethod getResult -->
  <testcase name="@AfterMethod getResult" time="0.0" classname="com.opencart.newopencart.ExtentReportsClass">
    <skipped/>
  </testcase> <!-- @AfterMethod getResult -->
  <testcase name="@AfterMethod getResult" time="0.0" classname="com.opencart.newopencart.ExtentReportsClass">
    <skipped/>
  </testcase> <!-- @AfterMethod getResult -->
  <testcase name="@AfterMethod getResult" time="0.0" classname="com.opencart.newopencart.ExtentReportsClass">
    <skipped/>
  </testcase> <!-- @AfterMethod getResult -->
  <testcase name="@AfterMethod getResult" time="0.0" classname="com.opencart.newopencart.ExtentReportsClass">
    <skipped/>
  </testcase> <!-- @AfterMethod getResult -->
  <testcase name="@AfterMethod getResult" time="0.0" classname="com.opencart.newopencart.ExtentReportsClass">
    <skipped/>
  </testcase> <!-- @AfterMethod getResult -->
  <testcase name="@AfterMethod getResult" time="0.0" classname="com.opencart.newopencart.ExtentReportsClass">
    <skipped/>
  </testcase> <!-- @AfterMethod getResult -->
  <testcase name="@AfterTest closingbrowser" time="0.0" classname="com.opencart.newopencart.AddingPhonestocart">
    <skipped/>
  </testcase> <!-- @AfterTest closingbrowser -->
  <testcase name="@AfterTest closingbrowser" time="0.0" classname="com.opencart.newopencart.OrderHistory">
    <skipped/>
  </testcase> <!-- @AfterTest closingbrowser -->
  <testcase name="@AfterTest logout" time="0.0" classname="com.opencart.newopencart.RegistrationAddToCart">
    <skipped/>
  </testcase> <!-- @AfterTest logout -->
  <testcase name="productcomparison" time="0.047" classname="com.opencart.newopencart.ProductComparison">
    <failure type="java.lang.NullPointerException">
      <![CDATA[java.lang.NullPointerException
	at org.openqa.selenium.support.pagefactory.DefaultElementLocator.findElement(DefaultElementLocator.java:69)
	at org.openqa.selenium.support.pagefactory.internal.LocatingElementHandler.invoke(LocatingElementHandler.java:38)
	at com.sun.proxy.$Proxy10.click(Unknown Source)
	at com.opencart.pageoperations.Operations.login(Operations.java:43)
	at com.opencart.newopencart.ProductComparison.productcomparison(ProductComparison.java:55)
... Removed 25 stack frames]]>
    </failure>
  </testcase> <!-- productcomparison -->
  <testcase name="Orderhistory" time="0.0" classname="com.opencart.newopencart.OrderHistory">
    <failure type="java.lang.NullPointerException">
      <![CDATA[java.lang.NullPointerException
	at com.opencart.newopencart.OrderHistory.Orderhistory(OrderHistory.java:37)
... Removed 25 stack frames]]>
    </failure>
  </testcase> <!-- Orderhistory -->
  <testcase name="addingPhonestocart" time="0.016" classname="com.opencart.newopencart.AddingPhonestocart">
    <skipped/>
  </testcase> <!-- addingPhonestocart -->
  <testcase name="registration" time="0.0" classname="com.opencart.newopencart.RegistrationAddToCart">
    <skipped/>
  </testcase> <!-- registration -->
  <testcase name="addReviewOnViewedProduct" time="0.002" classname="com.opencart.newopencart.RegistrationAddToCart">
    <skipped/>
  </testcase> <!-- addReviewOnViewedProduct -->
  <testcase name="addReviewOnViewedProduct" time="0.001" classname="com.opencart.newopencart.RegistrationAddToCart">
    <skipped/>
  </testcase> <!-- addReviewOnViewedProduct -->
  <testcase name="addToWishlist" time="0.001" classname="com.opencart.newopencart.RegistrationAddToCart">
    <skipped/>
  </testcase> <!-- addToWishlist -->
  <testcase name="addToCart" time="0.001" classname="com.opencart.newopencart.RegistrationAddToCart">
    <skipped/>
  </testcase> <!-- addToCart -->
  <testcase name="@BeforeSuite startReport" time="0.0" classname="com.opencart.newopencart.ExtentReportsClass">
    <ignored/>
  </testcase> <!-- @BeforeSuite startReport -->
  <testcase name="@BeforeSuite startReport" time="0.0" classname="com.opencart.newopencart.ExtentReportsClass">
    <ignored/>
  </testcase> <!-- @BeforeSuite startReport -->
  <testcase name="@BeforeSuite startReport" time="0.0" classname="com.opencart.newopencart.ExtentReportsClass">
    <ignored/>
  </testcase> <!-- @BeforeSuite startReport -->
  <testcase name="@AfterSuite endReport" time="0.0" classname="com.opencart.newopencart.ExtentReportsClass">
    <ignored/>
  </testcase> <!-- @AfterSuite endReport -->
  <testcase name="@AfterSuite endReport" time="0.0" classname="com.opencart.newopencart.ExtentReportsClass">
    <ignored/>
  </testcase> <!-- @AfterSuite endReport -->
  <testcase name="@AfterSuite endReport" time="0.0" classname="com.opencart.newopencart.ExtentReportsClass">
    <ignored/>
  </testcase> <!-- @AfterSuite endReport -->
</testsuite> <!-- Opencart -->
