<?xml version="1.0" encoding="UTF-8"?>
<!-- Generated by org.testng.reporters.JUnitXMLReporter -->
<testsuite hostname="D-113065398" ignored="2" name="Opencart" tests="7" failures="1" timestamp="08 Feb 2018 09:46:06 GMT" time="70.005" errors="0">
  <testcase name="@AfterMethod getResult" time="0.0" classname="com.opencart.newopencart.ExtentReportsClass">
    <failure type="java.lang.NullPointerException">
      <![CDATA[java.lang.NullPointerException
	at com.opencart.newopencart.ExtentReportsClass.getResult(ExtentReportsClass.java:58)
... Removed 27 stack frames]]>
    </failure>
  </testcase> <!-- @AfterMethod getResult -->
  <testcase name="@AfterMethod getResult" time="0.0" classname="com.opencart.newopencart.ExtentReportsClass">
    <skipped/>
  </testcase> <!-- @AfterMethod getResult -->
  <testcase name="@AfterMethod getResult" time="0.0" classname="com.opencart.newopencart.ExtentReportsClass">
    <skipped/>
  </testcase> <!-- @AfterMethod getResult -->
  <testcase name="@AfterMethod getResult" time="0.0" classname="com.opencart.newopencart.ExtentReportsClass">
    <skipped/>
  </testcase> <!-- @AfterMethod getResult -->
  <testcase name="@AfterMethod getResult" time="0.0" classname="com.opencart.newopencart.ExtentReportsClass">
    <skipped/>
  </testcase> <!-- @AfterMethod getResult -->
  <testcase name="@AfterMethod getResult" time="0.0" classname="com.opencart.newopencart.ExtentReportsClass">
    <skipped/>
  </testcase> <!-- @AfterMethod getResult -->
  <testcase name="@AfterTest closingbrowser" time="0.0" classname="com.opencart.newopencart.OrderHistory">
    <skipped/>
  </testcase> <!-- @AfterTest closingbrowser -->
  <testcase name="@AfterTest Logout" time="0.0" classname="com.opencart.newopencart.TC_2">
    <skipped/>
  </testcase> <!-- @AfterTest Logout -->
  <testcase name="Orderhistory" time="59.452" classname="com.opencart.newopencart.OrderHistory"/>
  <testcase name="Extentreport1" time="0.002" classname="com.opencart.newopencart.TC_2">
    <failure type="java.lang.NullPointerException">
      <![CDATA[java.lang.NullPointerException
	at com.opencart.newopencart.TC_2.Extentreport1(TC_2.java:49)
... Removed 25 stack frames]]>
    </failure>
  </testcase> <!-- Extentreport1 -->
  <testcase name="Extentreport2" time="0.001" classname="com.opencart.newopencart.TC_2">
    <skipped/>
  </testcase> <!-- Extentreport2 -->
  <testcase name="Extentreport3" time="0.0" classname="com.opencart.newopencart.TC_2">
    <skipped/>
  </testcase> <!-- Extentreport3 -->
  <testcase name="Extentreport4" time="0.0" classname="com.opencart.newopencart.TC_2">
    <skipped/>
  </testcase> <!-- Extentreport4 -->
  <testcase name="Extentreport5" time="0.001" classname="com.opencart.newopencart.TC_2">
    <skipped/>
  </testcase> <!-- Extentreport5 -->
  <testcase name="Login" time="0.001" classname="com.opencart.newopencart.TC_2">
    <skipped/>
  </testcase> <!-- Login -->
  <testcase name="@BeforeSuite startReport" time="0.0" classname="com.opencart.newopencart.ExtentReportsClass">
    <ignored/>
  </testcase> <!-- @BeforeSuite startReport -->
  <testcase name="@AfterSuite endReport" time="0.0" classname="com.opencart.newopencart.ExtentReportsClass">
    <ignored/>
  </testcase> <!-- @AfterSuite endReport -->
</testsuite> <!-- Opencart -->
