<?xml version="1.0" encoding="UTF-8"?>
<!-- Generated by org.testng.reporters.JUnitXMLReporter -->
<testsuite hostname="D-113065398" ignored="0" name="3" tests="1" failures="1" timestamp="15 Feb 2018 11:41:17 GMT" time="10.532" errors="0">
  <testcase name="@AfterMethod getResult" time="0.0" classname="com.opencart.newopencart.ExtentReportsClass">
    <failure type="java.lang.NullPointerException">
      <![CDATA[java.lang.NullPointerException
	at com.opencart.newopencart.ExtentReportsClass.getResult(ExtentReportsClass.java:58)
... Removed 27 stack frames]]>
    </failure>
  </testcase> <!-- @AfterMethod getResult -->
  <testcase name="Orderhistory" time="0.001" classname="com.opencart.newopencart.OrderHistory">
    <failure type="java.lang.NullPointerException">
      <![CDATA[java.lang.NullPointerException
	at com.opencart.newopencart.OrderHistory.Orderhistory(OrderHistory.java:38)
... Removed 25 stack frames]]>
    </failure>
  </testcase> <!-- Orderhistory -->
</testsuite> <!-- 3 -->
