<?xml version="1.0" encoding="UTF-8"?>
<!-- Generated by org.testng.reporters.JUnitXMLReporter -->
<testsuite hostname="D-113065398" ignored="0" name="opencartdemo" tests="3" failures="0" timestamp="15 Feb 2018 12:42:48 GMT" time="211.257" errors="0">
  <testcase name="productcomparison" time="78.839" classname="com.opencart.newopencart.OpencartDemo"/>
  <testcase name="Orderhistory" time="54.999" classname="com.opencart.newopencart.OpencartDemo"/>
  <testcase name="addingPhonestocart" time="72.182" classname="com.opencart.newopencart.OpencartDemo"/>
</testsuite> <!-- opencartdemo -->
