<?xml version="1.0" encoding="UTF-8"?>
<!-- Generated by org.testng.reporters.JUnitXMLReporter -->
<testsuite hostname="D-113065398" ignored="0" name="opencartdemo" tests="3" failures="0" timestamp="16 Feb 2018 06:24:50 GMT" time="239.345" errors="0">
  <testcase name="productcomparison" time="82.958" classname="com.opencart.newopencart.OpencartDemo"/>
  <testcase name="Orderhistory" time="56.464" classname="com.opencart.newopencart.OpencartDemo"/>
  <testcase name="addingPhonestocart" time="73.698" classname="com.opencart.newopencart.OpencartDemo"/>
</testsuite> <!-- opencartdemo -->
