<?xml version="1.0" encoding="UTF-8"?>
<testng-results skipped="0" failed="1" ignored="2" total="4" passed="1">
  <reporter-output>
  </reporter-output>
  <suite name="Opencart-Demo" duration-ms="78617" started-at="2018-02-14T13:09:24Z" finished-at="2018-02-14T13:10:43Z">
    <groups>
    </groups>
    <test name="Opencart" duration-ms="78617" started-at="2018-02-14T13:09:24Z" finished-at="2018-02-14T13:10:43Z">
      <class name="com.opencart.newopencart.ProductComparison">
        <test-method status="PASS" signature="startReport()[pri:0, instance:com.opencart.newopencart.ProductComparison@4883b407]" name="startReport" is-config="true" duration-ms="213" started-at="2018-02-14T18:39:18Z" finished-at="2018-02-14T18:39:19Z">
          <reporter-output>
          </reporter-output>
        </test-method> <!-- startReport -->
        <test-method status="PASS" signature="Initialize()[pri:0, instance:com.opencart.newopencart.ProductComparison@4883b407]" name="Initialize" is-config="true" duration-ms="5277" started-at="2018-02-14T18:39:19Z" depends-on-methods="com.opencart.newopencart.ExtentReportsClass.startReport" finished-at="2018-02-14T18:39:24Z">
          <reporter-output>
          </reporter-output>
        </test-method> <!-- Initialize -->
        <test-method status="PASS" signature="productcomparison()[pri:0, instance:com.opencart.newopencart.ProductComparison@4883b407]" name="productcomparison" duration-ms="78593" started-at="2018-02-14T18:39:24Z" finished-at="2018-02-14T18:40:42Z">
          <reporter-output>
          </reporter-output>
        </test-method> <!-- productcomparison -->
        <test-method status="PASS" signature="getResult(org.testng.ITestResult)[pri:0, instance:com.opencart.newopencart.ProductComparison@4883b407]" name="getResult" is-config="true" duration-ms="3" started-at="2018-02-14T18:40:42Z" finished-at="2018-02-14T18:40:43Z">
          <params>
            <param index="0">
              <value>
                <![CDATA[[TestResult name=productcomparison status=SUCCESS method=ProductComparison.productcomparison()[pri:0, instance:com.opencart.newopencart.ProductComparison@4883b407] output={null}]]]>
              </value>
            </param>
          </params>
          <reporter-output>
          </reporter-output>
        </test-method> <!-- getResult -->
        <test-method status="SKIP" signature="endReport()[pri:0, instance:com.opencart.newopencart.ProductComparison@4883b407]" name="endReport" is-config="true" duration-ms="0" started-at="2018-02-14T18:40:43Z" finished-at="2018-02-14T18:40:43Z">
          <reporter-output>
          </reporter-output>
        </test-method> <!-- endReport -->
      </class> <!-- com.opencart.newopencart.ProductComparison -->
      <class name="com.opencart.newopencart.OrderHistory">
        <test-method status="FAIL" signature="Orderhistory()[pri:0, instance:com.opencart.newopencart.OrderHistory@39c0f4a]" name="Orderhistory" duration-ms="2" started-at="2018-02-14T18:40:43Z" finished-at="2018-02-14T18:40:43Z">
          <exception class="java.lang.NullPointerException">
            <full-stacktrace>
              <![CDATA[java.lang.NullPointerException
	at com.opencart.newopencart.OrderHistory.Orderhistory(OrderHistory.java:36)
	at sun.reflect.NativeMethodAccessorImpl.invoke0(Native Method)
	at sun.reflect.NativeMethodAccessorImpl.invoke(NativeMethodAccessorImpl.java:62)
	at sun.reflect.DelegatingMethodAccessorImpl.invoke(DelegatingMethodAccessorImpl.java:43)
	at java.lang.reflect.Method.invoke(Method.java:498)
	at org.testng.internal.MethodInvocationHelper.invokeMethod(MethodInvocationHelper.java:104)
	at org.testng.internal.Invoker.invokeMethod(Invoker.java:645)
	at org.testng.internal.Invoker.invokeTestMethod(Invoker.java:851)
	at org.testng.internal.Invoker.invokeTestMethods(Invoker.java:1177)
	at org.testng.internal.TestMethodWorker.invokeTestMethods(TestMethodWorker.java:129)
	at org.testng.internal.TestMethodWorker.run(TestMethodWorker.java:112)
	at org.testng.TestRunner.privateRun(TestRunner.java:756)
	at org.testng.TestRunner.run(TestRunner.java:610)
	at org.testng.SuiteRunner.runTest(SuiteRunner.java:387)
	at org.testng.SuiteRunner.runSequentially(SuiteRunner.java:382)
	at org.testng.SuiteRunner.privateRun(SuiteRunner.java:340)
	at org.testng.SuiteRunner.run(SuiteRunner.java:289)
	at org.testng.SuiteRunnerWorker.runSuite(SuiteRunnerWorker.java:52)
	at org.testng.SuiteRunnerWorker.run(SuiteRunnerWorker.java:86)
	at org.testng.TestNG.runSuitesSequentially(TestNG.java:1293)
	at org.testng.TestNG.runSuitesLocally(TestNG.java:1218)
	at org.testng.TestNG.runSuites(TestNG.java:1133)
	at org.testng.TestNG.run(TestNG.java:1104)
	at org.testng.remote.AbstractRemoteTestNG.run(AbstractRemoteTestNG.java:114)
	at org.testng.remote.RemoteTestNG.initAndRun(RemoteTestNG.java:251)
	at org.testng.remote.RemoteTestNG.main(RemoteTestNG.java:77)
]]>
            </full-stacktrace>
          </exception> <!-- java.lang.NullPointerException -->
          <reporter-output>
          </reporter-output>
        </test-method> <!-- Orderhistory -->
        <test-method status="FAIL" signature="getResult(org.testng.ITestResult)[pri:0, instance:com.opencart.newopencart.OrderHistory@39c0f4a]" name="getResult" is-config="true" duration-ms="0" started-at="2018-02-14T18:40:43Z" finished-at="2018-02-14T18:40:43Z">
          <params>
            <param index="0">
              <value>
                <![CDATA[[TestResult name=Orderhistory status=FAILURE method=OrderHistory.Orderhistory()[pri:0, instance:com.opencart.newopencart.OrderHistory@39c0f4a] output={null}]]]>
              </value>
            </param>
          </params>
          <exception class="java.lang.NullPointerException">
            <full-stacktrace>
              <![CDATA[java.lang.NullPointerException
	at com.opencart.newopencart.ExtentReportsClass.getResult(ExtentReportsClass.java:58)
	at sun.reflect.NativeMethodAccessorImpl.invoke0(Native Method)
	at sun.reflect.NativeMethodAccessorImpl.invoke(NativeMethodAccessorImpl.java:62)
	at sun.reflect.DelegatingMethodAccessorImpl.invoke(DelegatingMethodAccessorImpl.java:43)
	at java.lang.reflect.Method.invoke(Method.java:498)
	at org.testng.internal.MethodInvocationHelper.invokeMethod(MethodInvocationHelper.java:104)
	at org.testng.internal.Invoker.invokeConfigurationMethod(Invoker.java:515)
	at org.testng.internal.Invoker.invokeConfigurations(Invoker.java:217)
	at org.testng.internal.Invoker.invokeMethod(Invoker.java:712)
	at org.testng.internal.Invoker.invokeTestMethod(Invoker.java:851)
	at org.testng.internal.Invoker.invokeTestMethods(Invoker.java:1177)
	at org.testng.internal.TestMethodWorker.invokeTestMethods(TestMethodWorker.java:129)
	at org.testng.internal.TestMethodWorker.run(TestMethodWorker.java:112)
	at org.testng.TestRunner.privateRun(TestRunner.java:756)
	at org.testng.TestRunner.run(TestRunner.java:610)
	at org.testng.SuiteRunner.runTest(SuiteRunner.java:387)
	at org.testng.SuiteRunner.runSequentially(SuiteRunner.java:382)
	at org.testng.SuiteRunner.privateRun(SuiteRunner.java:340)
	at org.testng.SuiteRunner.run(SuiteRunner.java:289)
	at org.testng.SuiteRunnerWorker.runSuite(SuiteRunnerWorker.java:52)
	at org.testng.SuiteRunnerWorker.run(SuiteRunnerWorker.java:86)
	at org.testng.TestNG.runSuitesSequentially(TestNG.java:1293)
	at org.testng.TestNG.runSuitesLocally(TestNG.java:1218)
	at org.testng.TestNG.runSuites(TestNG.java:1133)
	at org.testng.TestNG.run(TestNG.java:1104)
	at org.testng.remote.AbstractRemoteTestNG.run(AbstractRemoteTestNG.java:114)
	at org.testng.remote.RemoteTestNG.initAndRun(RemoteTestNG.java:251)
	at org.testng.remote.RemoteTestNG.main(RemoteTestNG.java:77)
]]>
            </full-stacktrace>
          </exception> <!-- java.lang.NullPointerException -->
          <reporter-output>
          </reporter-output>
        </test-method> <!-- getResult -->
        <test-method status="SKIP" signature="closingbrowser()[pri:0, instance:com.opencart.newopencart.OrderHistory@39c0f4a]" name="closingbrowser" is-config="true" duration-ms="0" started-at="2018-02-14T18:40:43Z" finished-at="2018-02-14T18:40:43Z">
          <reporter-output>
          </reporter-output>
        </test-method> <!-- closingbrowser -->
      </class> <!-- com.opencart.newopencart.OrderHistory -->
    </test> <!-- Opencart -->
  </suite> <!-- Opencart-Demo -->
</testng-results>
